<?xml version="1.0" encoding="UTF-8"?>
<!-- Generated by org.testng.reporters.JUnitReportReporter -->
<testsuite hostname="MJ03JXF1" name="com.lol.tests.TC_SD_Equipment" tests="1" failures="0" timestamp="1 Apr 2019 05:46:17 GMT" time="127.454" errors="0">
  <testcase name="TC_Equipment" time="127.454" classname="com.lol.tests.TC_SD_Equipment"/>
</testsuite> <!-- com.lol.tests.TC_SD_Equipment -->
