<?xml version="1.0" encoding="UTF-8"?>
<!-- Generated by org.testng.reporters.JUnitReportReporter -->
<testsuite hostname="MJ03JXF1" name="com.lol.tests.Add_Assignment" tests="1" failures="0" timestamp="5 Jan 2018 14:50:51 GMT" time="168.781" errors="0">
  <testcase name="Add_Assignments" time="168.781" classname="com.lol.tests.Add_Assignment"/>
</testsuite> <!-- com.lol.tests.Add_Assignment -->
