<?xml version="1.0" encoding="UTF-8"?>
<!-- Generated by org.testng.reporters.JUnitReportReporter -->
<testsuite hostname="MJ03JXF1" name="com.lol.tests.TC_BOL_non_Hazardous" tests="1" failures="0" timestamp="13 Feb 2019 11:43:33 GMT" time="347.909" errors="0">
  <testcase name="BOL_Non_Hazardous" time="347.909" classname="com.lol.tests.TC_BOL_non_Hazardous"/>
</testsuite> <!-- com.lol.tests.TC_BOL_non_Hazardous -->
