<?xml version="1.0" encoding="UTF-8"?>
<!-- Generated by org.testng.reporters.JUnitReportReporter -->
<testsuite hostname="MJ000B0R" name="com.lol.tests.PurchaseOrderEntry_DC_OP_CropProtection" tests="1" failures="0" timestamp="26 Jul 2017 12:18:39 GMT" time="151.376" errors="0">
  <testcase name="CreatePO_OrderComplaince" time="151.376" classname="com.lol.tests.PurchaseOrderEntry_DC_OP_CropProtection"/>
</testsuite>
