<?xml version="1.0" encoding="UTF-8"?>
<!-- Generated by org.testng.reporters.JUnitReportReporter -->
<testsuite hostname="MJ03JXF1" name="com.lol.tests.S9_Creation_Only" tests="1" failures="0" timestamp="31 Jan 2019 14:42:26 GMT" time="810.880" errors="0">
  <testcase name="S9" time="810.880" classname="com.lol.tests.S9_Creation_Only"/>
</testsuite> <!-- com.lol.tests.S9_Creation_Only -->
