<?xml version="1.0" encoding="UTF-8"?>
<!-- Generated by org.testng.reporters.JUnitReportReporter -->
<testsuite hostname="MJ03JXF1" name="com.lol.tests.TC_ST" tests="1" failures="0" timestamp="23 Apr 2019 09:49:42 GMT" time="105.943" errors="0">
  <testcase name="TC_ST" time="105.943" classname="com.lol.tests.TC_ST"/>
</testsuite> <!-- com.lol.tests.TC_ST -->
