<?xml version="1.0" encoding="UTF-8"?>
<!-- Generated by org.testng.reporters.JUnitReportReporter -->
<testsuite hostname="PC02ZR82" name="com.lol.tests.TestWinium" tests="1" failures="0" timestamp="31 Jan 2018 17:05:20 GMT" time="0.195" errors="0">
  <testcase name="winium" time="0.195" classname="com.lol.tests.TestWinium"/>
</testsuite> <!-- com.lol.tests.TestWinium -->
