<?xml version="1.0" encoding="UTF-8"?>
<!-- Generated by org.testng.reporters.JUnitReportReporter -->
<testsuite hostname="MJ03JXF1" name="com.lol.tests.TC_SL" tests="1" failures="0" timestamp="1 Apr 2019 05:52:34 GMT" time="136.243" errors="0">
  <testcase name="S9_Order" time="136.243" classname="com.lol.tests.TC_SL"/>
</testsuite> <!-- com.lol.tests.TC_SL -->
