<?xml version="1.0" encoding="UTF-8"?>
<!-- Generated by org.testng.reporters.JUnitReportReporter -->
<testsuite hostname="MJ03JXF1" name="com.lol.tests.RandomNum" tests="1" failures="0" timestamp="11 Dec 2018 09:18:30 GMT" time="0.026" errors="0">
  <testcase name="ran" time="0.026" classname="com.lol.tests.RandomNum"/>
</testsuite> <!-- com.lol.tests.RandomNum -->
