<?xml version="1.0" encoding="UTF-8"?>
<!-- Generated by org.testng.reporters.JUnitReportReporter -->
<testsuite hostname="MJ03JXF1" name="com.lol.tests.SO_Multiledata" tests="1" failures="0" timestamp="6 Dec 2018 16:51:40 GMT" time="685.594" errors="0">
  <testcase name="SO" time="685.594" classname="com.lol.tests.SO_Multiledata"/>
</testsuite> <!-- com.lol.tests.SO_Multiledata -->
