<?xml version="1.0" encoding="UTF-8"?>
<!-- Generated by org.testng.reporters.JUnitReportReporter -->
<testsuite hostname="MJ03JXF1" name="com.lol.tests.PO_18" tests="1" failures="0" timestamp="11 Jun 2019 13:09:17 GMT" time="199.933" errors="0">
  <testcase name="PO18" time="199.933" classname="com.lol.tests.PO_18"/>
</testsuite> <!-- com.lol.tests.PO_18 -->
