<?xml version="1.0" encoding="UTF-8"?>
<!-- Generated by org.testng.reporters.JUnitReportReporter -->
<testsuite hostname="MJ000B0R" name="com.lol.tests.T158210_FleetPlanningSendToOTM" tests="1" failures="0" timestamp="17 Jul 2017 12:02:13 GMT" time="6.426" errors="0">
  <testcase name="testngreportfirst" time="6.426" classname="com.lol.tests.T158210_FleetPlanningSendToOTM"/>
</testsuite>
