<?xml version="1.0" encoding="UTF-8"?>
<!-- Generated by org.testng.reporters.JUnitReportReporter -->
<testsuite hostname="MJ03JXF1" name="com.lol.tests.S9" tests="1" failures="0" timestamp="31 Jan 2019 15:15:08 GMT" time="795.991" errors="0">
  <testcase name="S9_Order" time="795.991" classname="com.lol.tests.S9"/>
</testsuite> <!-- com.lol.tests.S9 -->
