<?xml version="1.0" encoding="UTF-8"?>
<!-- Generated by org.testng.reporters.JUnitReportReporter -->
<testsuite hostname="MJ03JXF1" name="com.lol.tests.TC_BlanketOrder_SB" tests="1" failures="0" timestamp="29 Mar 2019 15:16:55 GMT" time="405.561" errors="0">
  <testcase name="SB_Order" time="405.561" classname="com.lol.tests.TC_BlanketOrder_SB"/>
</testsuite> <!-- com.lol.tests.TC_BlanketOrder_SB -->
