<?xml version="1.0" encoding="UTF-8"?>
<!-- Generated by org.testng.reporters.JUnitReportReporter -->
<testsuite hostname="MJ03JXF1" name="com.lol.tests.PrePay_Contract_Seed" tests="1" failures="0" timestamp="18 Dec 2018 17:21:36 GMT" time="612.751" errors="0">
  <testcase name="Contract_Seed" time="612.751" classname="com.lol.tests.PrePay_Contract_Seed"/>
</testsuite> <!-- com.lol.tests.PrePay_Contract_Seed -->
