<?xml version="1.0" encoding="UTF-8"?>
<!-- Generated by org.testng.reporters.JUnitReportReporter -->
<testsuite hostname="MJ03JXF1" name="com.lol.tests.TC_BlanketOrder_SW" tests="1" failures="0" timestamp="6 Feb 2019 16:23:40 GMT" time="512.852" errors="0">
  <testcase name="SW_Order" time="512.852" classname="com.lol.tests.TC_BlanketOrder_SW"/>
</testsuite> <!-- com.lol.tests.TC_BlanketOrder_SW -->
