<?xml version="1.0" encoding="UTF-8"?>
<!-- Generated by org.testng.reporters.JUnitReportReporter -->
<testsuite hostname="MJ03JXF1" name="com.lol.tests.TC_SD_AAD" tests="1" failures="0" timestamp="25 Apr 2019 11:23:06 GMT" time="118.914" errors="0">
  <testcase name="TC_SDAAD" time="118.914" classname="com.lol.tests.TC_SD_AAD"/>
</testsuite> <!-- com.lol.tests.TC_SD_AAD -->
