<?xml version="1.0" encoding="UTF-8"?>
<!-- Generated by org.testng.reporters.JUnitReportReporter -->
<testsuite hostname="MJ03JXF1" name="com.lol.tests.Csvc18_SalesOrder_AddMultiple" tests="1" failures="0" timestamp="23 May 2019 15:25:42 GMT" time="129.526" errors="0">
  <testcase name="AddMultipleButton" time="129.526" classname="com.lol.tests.Csvc18_SalesOrder_AddMultiple"/>
</testsuite> <!-- com.lol.tests.Csvc18_SalesOrder_AddMultiple -->
