<?xml version="1.0" encoding="UTF-8"?>
<!-- Generated by org.testng.reporters.JUnitReportReporter -->
<testsuite hostname="MJ03JXF1" name="com.lol.tests.TC_BlanketOrder_SE" tests="1" failures="0" timestamp="29 Mar 2019 15:35:30 GMT" time="413.900" errors="0">
  <testcase name="SE_Order" time="413.900" classname="com.lol.tests.TC_BlanketOrder_SE"/>
</testsuite> <!-- com.lol.tests.TC_BlanketOrder_SE -->
