<?xml version="1.0" encoding="UTF-8"?>
<!-- Generated by org.testng.reporters.JUnitReportReporter -->
<testsuite hostname="MJ03JXF1" name="com.lol.tests.SD_OD" tests="1" failures="0" timestamp="31 Jan 2019 14:20:05 GMT" time="545.524" errors="0">
  <testcase name="SD_OD" time="545.524" classname="com.lol.tests.SD_OD"/>
</testsuite> <!-- com.lol.tests.SD_OD -->
