<?xml version="1.0" encoding="UTF-8"?>
<!-- Generated by org.testng.reporters.JUnitReportReporter -->
<testsuite hostname="MJ03JXF1" name="com.lol.tests.PO1" tests="1" failures="0" timestamp="16 May 2019 14:19:33 GMT" time="193.195" errors="0">
  <testcase name="PO_01" time="193.195" classname="com.lol.tests.PO1"/>
</testsuite> <!-- com.lol.tests.PO1 -->
