<?xml version="1.0" encoding="UTF-8"?>
<!-- Generated by org.testng.reporters.JUnitReportReporter -->
<testsuite hostname="MJ000B0R" name="com.lol.tests.PurchaseOrderEntry_Seed" tests="1" failures="0" timestamp="25 Jul 2017 13:16:00 GMT" time="155.120" errors="0">
  <testcase name="CreatePurchaseOrder_Seed" time="155.120" classname="com.lol.tests.PurchaseOrderEntry_Seed"/>
</testsuite>
