<?xml version="1.0" encoding="UTF-8"?>
<!-- Generated by org.testng.reporters.JUnitReportReporter -->
<testsuite hostname="MJ03JXF1" name="com.lol.tests.TC_S9" tests="1" failures="0" timestamp="19 Feb 2019 20:04:17 GMT" time="138.815" errors="0">
  <testcase name="S9" time="138.815" classname="com.lol.tests.TC_S9"/>
</testsuite> <!-- com.lol.tests.TC_S9 -->
