<?xml version="1.0" encoding="UTF-8"?>
<!-- Generated by org.testng.reporters.JUnitReportReporter -->
<testsuite hostname="R90M46PC" name="com.lol.tests.Sales_Order" tests="1" failures="0" timestamp="7 Dec 2018 13:01:33 GMT" time="30.562" errors="0">
  <testcase name="Sales_Order" time="30.562" classname="com.lol.tests.Sales_Order"/>
</testsuite> <!-- com.lol.tests.Sales_Order -->
