<?xml version="1.0" encoding="UTF-8"?>
<!-- Generated by org.testng.reporters.JUnitReportReporter -->
<testsuite hostname="PC0AGUT4" name="com.lol.tests.BarTender" tests="1" failures="0" timestamp="29 Jan 2018 15:57:34 GMT" time="12.739" errors="0">
  <testcase name="AutoIT" time="12.739" classname="com.lol.tests.BarTender"/>
</testsuite> <!-- com.lol.tests.BarTender -->
