<?xml version="1.0" encoding="UTF-8"?>
<!-- Generated by org.testng.reporters.JUnitReportReporter -->
<testsuite hostname="MJ03JXF1" name="com.lol.tests.Direct_SO" tests="1" failures="0" timestamp="17 Jun 2019 13:39:30 GMT" time="194.808" errors="0">
  <testcase name="Sales_Direct" time="194.808" classname="com.lol.tests.Direct_SO"/>
</testsuite> <!-- com.lol.tests.Direct_SO -->
