<?xml version="1.0" encoding="UTF-8"?>
<!-- Generated by org.testng.reporters.JUnitReportReporter -->
<testsuite hostname="MJ03JXF1" name="com.lol.tests.SoftCommit" tests="1" failures="0" timestamp="21 Dec 2018 05:18:25 GMT" time="523.657" errors="0">
  <testcase name="SO" time="523.657" classname="com.lol.tests.SoftCommit"/>
</testsuite> <!-- com.lol.tests.SoftCommit -->
