<?xml version="1.0" encoding="UTF-8"?>
<!-- Generated by org.testng.reporters.JUnitReportReporter -->
<testsuite hostname="MJ03JXF1" name="com.lol.tests.TC_OP" tests="1" failures="0" timestamp="1 Apr 2019 06:02:30 GMT" time="111.237" errors="0">
  <testcase name="TC_OP" time="111.237" classname="com.lol.tests.TC_OP"/>
</testsuite> <!-- com.lol.tests.TC_OP -->
