<?xml version="1.0" encoding="UTF-8"?>
<!-- Generated by org.testng.reporters.JUnitReportReporter -->
<testsuite hostname="MJ03JXF1" name="com.lol.tests.TC_CO_WorkBench" tests="1" failures="0" timestamp="1 Apr 2019 12:41:43 GMT" time="287.749" errors="0">
  <testcase name="TC_CO_workBench" time="287.749" classname="com.lol.tests.TC_CO_WorkBench"/>
</testsuite> <!-- com.lol.tests.TC_CO_WorkBench -->
