<?xml version="1.0" encoding="UTF-8"?>
<!-- Generated by org.testng.reporters.JUnitReportReporter -->
<testsuite hostname="MJ000B0R" name="com.lol.tests.PurchaseOrderEntry_DC_OP" tests="1" failures="0" timestamp="25 Jul 2017 11:03:48 GMT" time="70.182" errors="0">
  <testcase name="PurchaseOrder_PrintBOL" time="70.182" classname="com.lol.tests.PurchaseOrderEntry_DC_OP"/>
</testsuite>
